<?xml version="1.0" encoding="UTF-8"?>
<robot generator="Robot 5.0.1 (Python 3.10.4 on win32)" generated="20230124 19:52:54.268" rpa="false" schemaversion="3">
<suite id="s1" name="Script Login" source="c:\Users\Admin\Desktop\RobotFrameWork_PMO\test_cases\script_login.robot">
<kw name="Log To Console" library="BuiltIn" type="SETUP">
<arg>j execte avant tout les cas de tests</arg>
<doc>Logs the given message to the console.</doc>
<status status="PASS" starttime="20230124 19:52:54.446" endtime="20230124 19:52:54.447"/>
</kw>
<test id="s1-t1" name="Se connecter 01" line="14">
<kw name="Ouvrir le navigateur" library="Login" type="SETUP">
<arg>${URL}</arg>
<arg>${BROWSER}</arg>
<kw name="Open Browser" library="SeleniumLibrary">
<arg>${URL}</arg>
<arg>${BROWSER}</arg>
<doc>Opens a new browser instance to the optional ``url``.</doc>
<msg timestamp="20230124 19:52:54.448" level="INFO">Opening browser 'chrome' to base url 'https://admin-demo.nopcommerce.com/admin/'.</msg>
<status status="PASS" starttime="20230124 19:52:54.448" endtime="20230124 19:52:56.262"/>
</kw>
<kw name="Maximize Browser Window" library="SeleniumLibrary">
<doc>Maximizes current browser window.</doc>
<status status="PASS" starttime="20230124 19:52:56.262" endtime="20230124 19:52:56.379"/>
</kw>
<status status="PASS" starttime="20230124 19:52:54.448" endtime="20230124 19:52:56.380"/>
</kw>
<kw name="Given Saisir nom d utilisateur" library="Login">
<arg>${User_name}</arg>
<kw name="Input Text" library="SeleniumLibrary">
<arg>${txt_LoginUserName}</arg>
<arg>${user}</arg>
<doc>Types the given ``text`` into the text field identified by ``locator``.</doc>
<msg timestamp="20230124 19:52:56.383" level="INFO">Typing text 'admin@yourstore.com' into text field 'id:Email'.</msg>
<status status="PASS" starttime="20230124 19:52:56.382" endtime="20230124 19:52:56.478"/>
</kw>
<status status="PASS" starttime="20230124 19:52:56.381" endtime="20230124 19:52:56.479"/>
</kw>
<kw name="When Saisir le password" library="Login">
<arg>${PassWord}</arg>
<kw name="Input Password" library="SeleniumLibrary">
<arg>${txt_LoginPassWord}</arg>
<arg>${password}</arg>
<doc>Types the given password into the text field identified by ``locator``.</doc>
<msg timestamp="20230124 19:52:56.481" level="INFO">Typing password into text field 'id:Password'.</msg>
<msg timestamp="20230124 19:52:56.534" level="INFO">Temporally setting log level to: NONE</msg>
<msg timestamp="20230124 19:52:56.570" level="INFO">Log level changed from NONE to INFO.</msg>
<status status="PASS" starttime="20230124 19:52:56.481" endtime="20230124 19:52:56.570"/>
</kw>
<status status="PASS" starttime="20230124 19:52:56.480" endtime="20230124 19:52:56.571"/>
</kw>
<kw name="And Cliquer sur le bouton login" library="Login">
<kw name="Click Button" library="SeleniumLibrary">
<arg>${btn_LoginBtn}</arg>
<doc>Clicks the button identified by ``locator``.</doc>
<msg timestamp="20230124 19:52:56.572" level="INFO">Clicking button 'xpath://button[@type='submit']'.</msg>
<status status="PASS" starttime="20230124 19:52:56.571" endtime="20230124 19:52:58.306"/>
</kw>
<status status="PASS" starttime="20230124 19:52:56.571" endtime="20230124 19:52:58.308"/>
</kw>
<kw name="Then Valider que le mot Dashbord s affiche" library="Login">
<kw name="Page Should Contain" library="SeleniumLibrary">
<arg>Dashboard</arg>
<doc>Verifies that current page contains ``text``.</doc>
<msg timestamp="20230124 19:52:58.336" level="INFO">Current page contains text 'Dashboard'.</msg>
<status status="PASS" starttime="20230124 19:52:58.309" endtime="20230124 19:52:58.336"/>
</kw>
<status status="PASS" starttime="20230124 19:52:58.308" endtime="20230124 19:52:58.336"/>
</kw>
<kw name="Fermer le navigateur" library="Login" type="TEARDOWN">
<kw name="Sleep" library="BuiltIn">
<arg>3</arg>
<doc>Pauses the test executed for the given time.</doc>
<msg timestamp="20230124 19:53:01.339" level="INFO">Slept 3 seconds</msg>
<status status="PASS" starttime="20230124 19:52:58.338" endtime="20230124 19:53:01.340"/>
</kw>
<kw name="Close Browser" library="SeleniumLibrary">
<doc>Closes the current browser.</doc>
<status status="PASS" starttime="20230124 19:53:01.341" endtime="20230124 19:53:04.075"/>
</kw>
<status status="PASS" starttime="20230124 19:52:58.338" endtime="20230124 19:53:04.075"/>
</kw>
<status status="PASS" starttime="20230124 19:52:54.447" endtime="20230124 19:53:04.077"/>
</test>
<test id="s1-t2" name="Se connecter 02" line="21">
<kw name="Ouvrir le navigateur" library="Login" type="SETUP">
<arg>${URL}</arg>
<arg>${BROWSER}</arg>
<kw name="Open Browser" library="SeleniumLibrary">
<arg>${URL}</arg>
<arg>${BROWSER}</arg>
<doc>Opens a new browser instance to the optional ``url``.</doc>
<msg timestamp="20230124 19:53:04.080" level="INFO">Opening browser 'chrome' to base url 'https://admin-demo.nopcommerce.com/admin/'.</msg>
<status status="PASS" starttime="20230124 19:53:04.080" endtime="20230124 19:53:05.900"/>
</kw>
<kw name="Maximize Browser Window" library="SeleniumLibrary">
<doc>Maximizes current browser window.</doc>
<status status="PASS" starttime="20230124 19:53:05.900" endtime="20230124 19:53:06.022"/>
</kw>
<status status="PASS" starttime="20230124 19:53:04.079" endtime="20230124 19:53:06.023"/>
</kw>
<kw name="Given Saisir nom d utilisateur" library="Login">
<arg>${User_name}</arg>
<kw name="Input Text" library="SeleniumLibrary">
<arg>${txt_LoginUserName}</arg>
<arg>${user}</arg>
<doc>Types the given ``text`` into the text field identified by ``locator``.</doc>
<msg timestamp="20230124 19:53:06.025" level="INFO">Typing text 'admin@yourstore.com' into text field 'id:Email'.</msg>
<status status="PASS" starttime="20230124 19:53:06.025" endtime="20230124 19:53:06.128"/>
</kw>
<status status="PASS" starttime="20230124 19:53:06.024" endtime="20230124 19:53:06.129"/>
</kw>
<kw name="When Saisir le password" library="Login">
<arg>${PassWord}</arg>
<kw name="Input Password" library="SeleniumLibrary">
<arg>${txt_LoginPassWord}</arg>
<arg>${password}</arg>
<doc>Types the given password into the text field identified by ``locator``.</doc>
<msg timestamp="20230124 19:53:06.131" level="INFO">Typing password into text field 'id:Password'.</msg>
<msg timestamp="20230124 19:53:06.176" level="INFO">Temporally setting log level to: NONE</msg>
<msg timestamp="20230124 19:53:06.210" level="INFO">Log level changed from NONE to INFO.</msg>
<status status="PASS" starttime="20230124 19:53:06.130" endtime="20230124 19:53:06.211"/>
</kw>
<status status="PASS" starttime="20230124 19:53:06.130" endtime="20230124 19:53:06.211"/>
</kw>
<kw name="And Cliquer sur le bouton login" library="Login">
<kw name="Click Button" library="SeleniumLibrary">
<arg>${btn_LoginBtn}</arg>
<doc>Clicks the button identified by ``locator``.</doc>
<msg timestamp="20230124 19:53:06.213" level="INFO">Clicking button 'xpath://button[@type='submit']'.</msg>
<status status="PASS" starttime="20230124 19:53:06.213" endtime="20230124 19:53:07.877"/>
</kw>
<status status="PASS" starttime="20230124 19:53:06.212" endtime="20230124 19:53:07.878"/>
</kw>
<kw name="Then Valider que le mot Dashbord s affiche" library="Login">
<kw name="Page Should Contain" library="SeleniumLibrary">
<arg>Dashboard</arg>
<doc>Verifies that current page contains ``text``.</doc>
<msg timestamp="20230124 19:53:07.907" level="INFO">Current page contains text 'Dashboard'.</msg>
<status status="PASS" starttime="20230124 19:53:07.879" endtime="20230124 19:53:07.907"/>
</kw>
<status status="PASS" starttime="20230124 19:53:07.878" endtime="20230124 19:53:07.908"/>
</kw>
<kw name="Fermer le navigateur" library="Login" type="TEARDOWN">
<kw name="Sleep" library="BuiltIn">
<arg>3</arg>
<doc>Pauses the test executed for the given time.</doc>
<msg timestamp="20230124 19:53:10.913" level="INFO">Slept 3 seconds</msg>
<status status="PASS" starttime="20230124 19:53:07.910" endtime="20230124 19:53:10.913"/>
</kw>
<kw name="Close Browser" library="SeleniumLibrary">
<doc>Closes the current browser.</doc>
<status status="PASS" starttime="20230124 19:53:10.913" endtime="20230124 19:53:13.329"/>
</kw>
<status status="PASS" starttime="20230124 19:53:07.909" endtime="20230124 19:53:13.330"/>
</kw>
<status status="PASS" starttime="20230124 19:53:04.079" endtime="20230124 19:53:13.330"/>
</test>
<kw name="Log To Console" library="BuiltIn" type="TEARDOWN">
<arg>J execute apres tout les cas de tests</arg>
<doc>Logs the given message to the console.</doc>
<status status="PASS" starttime="20230124 19:53:13.332" endtime="20230124 19:53:13.333"/>
</kw>
<status status="PASS" starttime="20230124 19:52:54.271" endtime="20230124 19:53:13.333"/>
</suite>
<statistics>
<total>
<stat pass="2" fail="0" skip="0">All Tests</stat>
</total>
<tag>
</tag>
<suite>
<stat pass="2" fail="0" skip="0" id="s1" name="Script Login">Script Login</stat>
</suite>
</statistics>
<errors>
</errors>
</robot>
